INFO: [VRFC 10-2263] Analyzing SystemVerilog file "/home/it/Verilog/Nasser/K2_Processor_Verilog-main/K2_processor.srcs/sources_1/new/ALU.sv" into library xil_defaultlib
INFO: [VRFC 10-311] analyzing module ALU
WARNING: [VRFC 10-3467] initial value of parameter 'n' is omitted [/home/it/Verilog/Nasser/K2_Processor_Verilog-main/K2_processor.srcs/sources_1/new/ALU.sv:3]
INFO: [VRFC 10-2263] Analyzing SystemVerilog file "/home/it/Verilog/Nasser/K2_Processor_Verilog-main/K2_processor.srcs/sources_1/new/Datamemory.sv" into library xil_defaultlib
INFO: [VRFC 10-311] analyzing module Datamemory
INFO: [VRFC 10-2263] Analyzing SystemVerilog file "/home/it/Verilog/Nasser/K2_Processor_Verilog-main/K2_processor.srcs/sources_1/new/Decoder.sv" into library xil_defaultlib
INFO: [VRFC 10-311] analyzing module Decoder
INFO: [VRFC 10-2263] Analyzing SystemVerilog file "/home/it/Verilog/Nasser/K2_Processor_Verilog-main/K2_processor.srcs/sources_1/imports/K2-main/Register/sources_1/new/Dregisterbeha.sv" into library xil_defaultlib
INFO: [VRFC 10-311] analyzing module Dregisterbeha
WARNING: [VRFC 10-3467] initial value of parameter 'n' is omitted [/home/it/Verilog/Nasser/K2_Processor_Verilog-main/K2_processor.srcs/sources_1/imports/K2-main/Register/sources_1/new/Dregisterbeha.sv:3]
INFO: [VRFC 10-2263] Analyzing SystemVerilog file "/home/it/Verilog/Nasser/K2_Processor_Verilog-main/K2_processor.srcs/sources_1/new/K2_Processor.sv" into library xil_defaultlib
INFO: [VRFC 10-311] analyzing module K2_Processor
WARNING: [VRFC 10-3467] initial value of parameter 'n' is omitted [/home/it/Verilog/Nasser/K2_Processor_Verilog-main/K2_processor.srcs/sources_1/new/K2_Processor.sv:4]
INFO: [VRFC 10-2263] Analyzing SystemVerilog file "/home/it/Verilog/Nasser/K2_Processor_Verilog-main/K2_processor.srcs/sources_1/imports/ROM/ROM.sv" into library xil_defaultlib
INFO: [VRFC 10-311] analyzing module ROM
INFO: [VRFC 10-2263] Analyzing SystemVerilog file "/home/it/Verilog/Nasser/K2_Processor_Verilog-main/K2_processor.srcs/sources_1/new/mux.sv" into library xil_defaultlib
INFO: [VRFC 10-311] analyzing module mux
WARNING: [VRFC 10-3467] initial value of parameter 'n' is omitted [/home/it/Verilog/Nasser/K2_Processor_Verilog-main/K2_processor.srcs/sources_1/new/mux.sv:3]
INFO: [VRFC 10-2263] Analyzing SystemVerilog file "/home/it/Verilog/Nasser/K2_Processor_Verilog-main/K2_processor.srcs/sources_1/new/mux2.sv" into library xil_defaultlib
INFO: [VRFC 10-311] analyzing module mux2
WARNING: [VRFC 10-3467] initial value of parameter 'n' is omitted [/home/it/Verilog/Nasser/K2_Processor_Verilog-main/K2_processor.srcs/sources_1/new/mux2.sv:3]
INFO: [VRFC 10-2263] Analyzing SystemVerilog file "/home/it/Verilog/Nasser/K2_Processor_Verilog-main/K2_processor.srcs/sources_1/imports/K2-main/Counter/sources_1/new/nbitcounter.sv" into library xil_defaultlib
INFO: [VRFC 10-311] analyzing module nbitcounter
WARNING: [VRFC 10-3467] initial value of parameter 'n' is omitted [/home/it/Verilog/Nasser/K2_Processor_Verilog-main/K2_processor.srcs/sources_1/imports/K2-main/Counter/sources_1/new/nbitcounter.sv:3]
INFO: [VRFC 10-2263] Analyzing SystemVerilog file "/home/it/Verilog/Nasser/K2_Processor_Verilog-main/K2_processor.srcs/sim_1/new/K2_Processor_TB.sv" into library xil_defaultlib
INFO: [VRFC 10-311] analyzing module K2_Processor_TB
